<?xml version="1.0" encoding="UTF-8"?>
<!-- Generated by org.testng.reporters.JUnitXMLReporter -->
<testsuite ignored="0" hostname="DESKTOP-E9GH2O5" failures="7" tests="40" name="Test" time="38.525" errors="0" timestamp="2022-08-01T13:47:21 IST">
  <testcase classname="com.restassured.testcases.TC001_Get_ALLempolyees" name="checkContent_Type" time="0.015"/>
  <testcase classname="com.restassured.testcases.TC001_Get_ALLempolyees" name="checkCookies" time="0.002">
    <failure type="junit.framework.ComparisonFailure" message="expected:&amp;lt;null&amp;gt; but was:&amp;lt;d2a7ab80-f7be-44cc-589e-576e3bbdab82&amp;gt;">
      <![CDATA[junit.framework.ComparisonFailure: expected:<null> but was:<d2a7ab80-f7be-44cc-589e-576e3bbdab82>
at junit.framework.Assert.assertEquals(Assert.java:85)
at junit.framework.Assert.assertEquals(Assert.java:91)
at com.restassured.testcases.TC001_Get_ALLempolyees.checkCookies(TC001_Get_ALLempolyees.java:99)
at java.base/java.util.ArrayList.forEach(ArrayList.java:1511)
... Removed 27 stack frames]]>
    </failure>
  </testcase> <!-- checkCookies -->
  <testcase classname="com.restassured.testcases.TC001_Get_ALLempolyees" name="checkServer_Type" time="0.001"/>
  <testcase classname="com.restassured.testcases.TC001_Get_ALLempolyees" name="checkStatusCode" time="0.002"/>
  <testcase classname="com.restassured.testcases.TC001_Get_ALLempolyees" name="checkStatusLine" time="0.001"/>
  <testcase classname="com.restassured.testcases.TC001_Get_ALLempolyees" name="checkcontent_Encoding" time="0.003"/>
  <testcase classname="com.restassured.testcases.TC001_Get_ALLempolyees" name="checkcontent_Length" time="0.002">
    <failure type="junit.framework.AssertionFailedError">
      <![CDATA[junit.framework.AssertionFailedError
at junit.framework.Assert.fail(Assert.java:48)
at junit.framework.Assert.assertTrue(Assert.java:20)
at junit.framework.Assert.assertTrue(Assert.java:27)
at com.restassured.testcases.TC001_Get_ALLempolyees.checkcontent_Length(TC001_Get_ALLempolyees.java:90)
at java.base/java.util.ArrayList.forEach(ArrayList.java:1511)
... Removed 27 stack frames]]>
    </failure>
  </testcase> <!-- checkcontent_Length -->
  <testcase classname="com.restassured.testcases.TC001_Get_ALLempolyees" name="checkresponceBody" time="0.027"/>
  <testcase classname="com.restassured.testcases.TC001_Get_ALLempolyees" name="checkresponceTime" time="0.003">
    <failure type="junit.framework.AssertionFailedError">
      <![CDATA[junit.framework.AssertionFailedError
at junit.framework.Assert.fail(Assert.java:48)
at junit.framework.Assert.assertTrue(Assert.java:20)
at junit.framework.Assert.assertTrue(Assert.java:27)
at com.restassured.testcases.TC001_Get_ALLempolyees.checkresponceTime(TC001_Get_ALLempolyees.java:45)
at java.base/java.util.ArrayList.forEach(ArrayList.java:1511)
... Removed 27 stack frames]]>
    </failure>
  </testcase> <!-- checkresponceTime -->
  <testcase classname="com.restassured.testcases.TC002_Get_Single_empolyees" name="checkContent_Type" time="0.002"/>
  <testcase classname="com.restassured.testcases.TC002_Get_Single_empolyees" name="checkServer_Type" time="0.002"/>
  <testcase classname="com.restassured.testcases.TC002_Get_Single_empolyees" name="checkStatusCode" time="0.006"/>
  <testcase classname="com.restassured.testcases.TC002_Get_Single_empolyees" name="checkStatusLine" time="0.001"/>
  <testcase classname="com.restassured.testcases.TC002_Get_Single_empolyees" name="checkcontent_Length" time="0.001"/>
  <testcase classname="com.restassured.testcases.TC002_Get_Single_empolyees" name="checkresponceBody" time="0.002">
    <failure type="junit.framework.AssertionFailedError" message="expected:&amp;lt;false&amp;gt; but was:&amp;lt;true&amp;gt;">
      <![CDATA[junit.framework.AssertionFailedError: expected:<false> but was:<true>
at junit.framework.Assert.fail(Assert.java:50)
at junit.framework.Assert.failNotEquals(Assert.java:287)
at junit.framework.Assert.assertEquals(Assert.java:67)
at junit.framework.Assert.assertEquals(Assert.java:147)
at junit.framework.Assert.assertEquals(Assert.java:153)
at com.restassured.testcases.TC002_Get_Single_empolyees.checkresponceBody(TC002_Get_Single_empolyees.java:28)
at java.base/java.util.ArrayList.forEach(ArrayList.java:1511)
... Removed 27 stack frames]]>
    </failure>
  </testcase> <!-- checkresponceBody -->
  <testcase classname="com.restassured.testcases.TC002_Get_Single_empolyees" name="checkresponceTime" time="0.002"/>
  <testcase classname="com.restassured.testcases.TC004_put_Empolyees_Record" name="UpdateEmployee" time="5.867"/>
  <testcase classname="com.restassured.testcases.TC004_put_Empolyees_Record" name="checkContent_Type" time="0.003"/>
  <testcase classname="com.restassured.testcases.TC004_put_Empolyees_Record" name="checkResponseBody" time="0.001">
    <failure type="java.lang.NullPointerException" message="Cannot invoke &amp;quot;io.restassured.response.Response.getBody()&amp;quot; because &amp;quot;this.response&amp;quot; is null">
      <![CDATA[java.lang.NullPointerException: Cannot invoke "io.restassured.response.Response.getBody()" because "this.response" is null
at com.restassured.testcases.TC004_put_Empolyees_Record.checkResponseBody(TC004_put_Empolyees_Record.java:44)
at java.base/java.util.ArrayList.forEach(ArrayList.java:1511)
... Removed 27 stack frames]]>
    </failure>
  </testcase> <!-- checkResponseBody -->
  <testcase classname="com.restassured.testcases.TC004_put_Empolyees_Record" name="checkServer_Type" time="0.002"/>
  <testcase classname="com.restassured.testcases.TC004_put_Empolyees_Record" name="checkStatusCode" time="0.001"/>
  <testcase classname="com.restassured.testcases.TC004_put_Empolyees_Record" name="checkStatusLine" time="0.001"/>
  <testcase classname="com.restassured.testcases.TC004_put_Empolyees_Record" name="checkcontent_Length" time="0.001"/>
  <testcase classname="com.restassured.testcases.TC004_put_Empolyees_Record" name="checkresponceTime" time="0.002"/>
  <testcase classname="com.restassured.testcases.TC005_DELETE_Empolyees_Record" name="checkContent_Type" time="0.001"/>
  <testcase classname="com.restassured.testcases.TC005_DELETE_Empolyees_Record" name="checkResponseBody" time="0.002">
    <failure type="java.lang.NullPointerException" message="Cannot invoke &amp;quot;io.restassured.response.Response.getBody()&amp;quot; because &amp;quot;this.response&amp;quot; is null">
      <![CDATA[java.lang.NullPointerException: Cannot invoke "io.restassured.response.Response.getBody()" because "this.response" is null
at com.restassured.testcases.TC005_DELETE_Empolyees_Record.checkResponseBody(TC005_DELETE_Empolyees_Record.java:41)
at java.base/java.util.ArrayList.forEach(ArrayList.java:1511)
... Removed 27 stack frames]]>
    </failure>
  </testcase> <!-- checkResponseBody -->
  <testcase classname="com.restassured.testcases.TC005_DELETE_Empolyees_Record" name="checkServer_Type" time="0.001"/>
  <testcase classname="com.restassured.testcases.TC005_DELETE_Empolyees_Record" name="checkStatusCode" time="0.002"/>
  <testcase classname="com.restassured.testcases.TC005_DELETE_Empolyees_Record" name="checkStatusLine" time="0.001"/>
  <testcase classname="com.restassured.testcases.TC005_DELETE_Empolyees_Record" name="checkcontent_Length" time="0.001"/>
  <testcase classname="com.restassured.testcases.TC005_DELETE_Empolyees_Record" name="checkresponceTime" time="0.001"/>
  <testcase classname="com.restassured.testcases.TC005_DELETE_Empolyees_Record" name="deleteEmployee" time="7.271"/>
  <testcase classname="com.restassured.testcases.TC003_Post_Empolyees_Record" name="checkContent_Type" time="0.003"/>
  <testcase classname="com.restassured.testcases.TC003_Post_Empolyees_Record" name="checkResponseBody" time="0.003">
    <failure type="java.lang.NullPointerException" message="Cannot invoke &amp;quot;io.restassured.response.Response.getBody()&amp;quot; because &amp;quot;this.response&amp;quot; is null">
      <![CDATA[java.lang.NullPointerException: Cannot invoke "io.restassured.response.Response.getBody()" because "this.response" is null
at com.restassured.testcases.TC003_Post_Empolyees_Record.checkResponseBody(TC003_Post_Empolyees_Record.java:44)
at java.base/java.util.ArrayList.forEach(ArrayList.java:1511)
... Removed 27 stack frames]]>
    </failure>
  </testcase> <!-- checkResponseBody -->
  <testcase classname="com.restassured.testcases.TC003_Post_Empolyees_Record" name="checkServer_Type" time="0.001"/>
  <testcase classname="com.restassured.testcases.TC003_Post_Empolyees_Record" name="checkStatusCode" time="0.001"/>
  <testcase classname="com.restassured.testcases.TC003_Post_Empolyees_Record" name="checkStatusLine" time="0.001"/>
  <testcase classname="com.restassured.testcases.TC003_Post_Empolyees_Record" name="checkcontent_Length" time="0.001"/>
  <testcase classname="com.restassured.testcases.TC003_Post_Empolyees_Record" name="checkresponceTime" time="0.002"/>
  <testcase classname="com.restassured.testcases.TC003_Post_Empolyees_Record" name="createEmployee" time="9.702"/>
</testsuite> <!-- Test -->
