<?xml version="1.0" encoding="UTF-8"?>
<testsuite xmlns:xsi="http://www.w3.org/2001/XMLSchema-instance" xsi:noNamespaceSchemaLocation="https://maven.apache.org/surefire/maven-surefire-plugin/xsd/surefire-test-report-3.0.xsd" version="3.0" name="TestSuite" time="32.221" tests="40" errors="0" skipped="0" failures="7">
  <properties>
[...]
</properties>
  <testcase name="checkContent_Type" classname="com.restassured.testcases.TC001_Get_ALLempolyees" time="0.003">
    <system-out><![CDATA[[TestNGContentHandler] [WARN] It is strongly recommended to add "<!DOCTYPE suite SYSTEM "http://testng.org/testng-1.0.dtd" >" at the top of your file, otherwise TestNG may fail or not work as expected.
]]></system-out>
  </testcase>
  <testcase name="checkCookies" classname="com.restassured.testcases.TC001_Get_ALLempolyees" time="0.03">
    <failure message="expected:&lt;null&gt; but was:&lt;d2a7ab80-f7be-44cc-589e-576e3bbdab82&gt;" type="junit.framework.ComparisonFailure"><![CDATA[junit.framework.ComparisonFailure: expected:<null> but was:<d2a7ab80-f7be-44cc-589e-576e3bbdab82>
	at com.restassured.testcases.TC001_Get_ALLempolyees.checkCookies(TC001_Get_ALLempolyees.java:99)
]]></failure>
  </testcase>
  <testcase name="checkServer_Type" classname="com.restassured.testcases.TC001_Get_ALLempolyees" time="0.001"/>
  <testcase name="checkStatusCode" classname="com.restassured.testcases.TC001_Get_ALLempolyees" time="0"/>
  <testcase name="checkStatusLine" classname="com.restassured.testcases.TC001_Get_ALLempolyees" time="0.001"/>
  <testcase name="checkcontent_Encoding" classname="com.restassured.testcases.TC001_Get_ALLempolyees" time="0"/>
  <testcase name="checkcontent_Length" classname="com.restassured.testcases.TC001_Get_ALLempolyees" time="0.002">
    <failure type="junit.framework.AssertionFailedError"><![CDATA[junit.framework.AssertionFailedError
	at com.restassured.testcases.TC001_Get_ALLempolyees.checkcontent_Length(TC001_Get_ALLempolyees.java:90)
]]></failure>
  </testcase>
  <testcase name="checkresponceBody" classname="com.restassured.testcases.TC001_Get_ALLempolyees" time="0.031"/>
  <testcase name="checkresponceTime" classname="com.restassured.testcases.TC001_Get_ALLempolyees" time="0.001">
    <failure type="junit.framework.AssertionFailedError"><![CDATA[junit.framework.AssertionFailedError
	at com.restassured.testcases.TC001_Get_ALLempolyees.checkresponceTime(TC001_Get_ALLempolyees.java:45)
]]></failure>
  </testcase>
  <testcase name="checkContent_Type" classname="com.restassured.testcases.TC002_Get_Single_empolyees" time="0.001"/>
  <testcase name="checkServer_Type" classname="com.restassured.testcases.TC002_Get_Single_empolyees" time="0.007"/>
  <testcase name="checkStatusCode" classname="com.restassured.testcases.TC002_Get_Single_empolyees" time="0.001"/>
  <testcase name="checkStatusLine" classname="com.restassured.testcases.TC002_Get_Single_empolyees" time="0"/>
  <testcase name="checkcontent_Length" classname="com.restassured.testcases.TC002_Get_Single_empolyees" time="0"/>
  <testcase name="checkresponceBody" classname="com.restassured.testcases.TC002_Get_Single_empolyees" time="0.003">
    <failure message="expected:&lt;false&gt; but was:&lt;true&gt;" type="junit.framework.AssertionFailedError"><![CDATA[junit.framework.AssertionFailedError: expected:<false> but was:<true>
	at com.restassured.testcases.TC002_Get_Single_empolyees.checkresponceBody(TC002_Get_Single_empolyees.java:28)
]]></failure>
  </testcase>
  <testcase name="checkresponceTime" classname="com.restassured.testcases.TC002_Get_Single_empolyees" time="0.001"/>
  <testcase name="UpdateEmployee" classname="com.restassured.testcases.TC004_put_Empolyees_Record" time="5.781"/>
  <testcase name="checkContent_Type" classname="com.restassured.testcases.TC004_put_Empolyees_Record" time="0.005"/>
  <testcase name="checkResponseBody" classname="com.restassured.testcases.TC004_put_Empolyees_Record" time="0.002">
    <failure type="java.lang.NullPointerException"><![CDATA[java.lang.NullPointerException
	at com.restassured.testcases.TC004_put_Empolyees_Record.checkResponseBody(TC004_put_Empolyees_Record.java:44)
]]></failure>
  </testcase>
  <testcase name="checkServer_Type" classname="com.restassured.testcases.TC004_put_Empolyees_Record" time="0"/>
  <testcase name="checkStatusCode" classname="com.restassured.testcases.TC004_put_Empolyees_Record" time="0.002"/>
  <testcase name="checkStatusLine" classname="com.restassured.testcases.TC004_put_Empolyees_Record" time="0"/>
  <testcase name="checkcontent_Length" classname="com.restassured.testcases.TC004_put_Empolyees_Record" time="0"/>
  <testcase name="checkresponceTime" classname="com.restassured.testcases.TC004_put_Empolyees_Record" time="0"/>
  <testcase name="checkContent_Type" classname="com.restassured.testcases.TC005_DELETE_Empolyees_Record" time="0"/>
  <testcase name="checkResponseBody" classname="com.restassured.testcases.TC005_DELETE_Empolyees_Record" time="0">
    <failure type="java.lang.NullPointerException"><![CDATA[java.lang.NullPointerException
	at com.restassured.testcases.TC005_DELETE_Empolyees_Record.checkResponseBody(TC005_DELETE_Empolyees_Record.java:41)
]]></failure>
  </testcase>
  <testcase name="checkServer_Type" classname="com.restassured.testcases.TC005_DELETE_Empolyees_Record" time="0"/>
  <testcase name="checkStatusCode" classname="com.restassured.testcases.TC005_DELETE_Empolyees_Record" time="0"/>
  <testcase name="checkStatusLine" classname="com.restassured.testcases.TC005_DELETE_Empolyees_Record" time="0"/>
  <testcase name="checkcontent_Length" classname="com.restassured.testcases.TC005_DELETE_Empolyees_Record" time="0"/>
  <testcase name="checkresponceTime" classname="com.restassured.testcases.TC005_DELETE_Empolyees_Record" time="0"/>
  <testcase name="deleteEmployee" classname="com.restassured.testcases.TC005_DELETE_Empolyees_Record" time="7.386"/>
  <testcase name="checkContent_Type" classname="com.restassured.testcases.TC003_Post_Empolyees_Record" time="0"/>
  <testcase name="checkResponseBody" classname="com.restassured.testcases.TC003_Post_Empolyees_Record" time="0.001">
    <failure type="java.lang.NullPointerException"><![CDATA[java.lang.NullPointerException
	at com.restassured.testcases.TC003_Post_Empolyees_Record.checkResponseBody(TC003_Post_Empolyees_Record.java:44)
]]></failure>
  </testcase>
  <testcase name="checkServer_Type" classname="com.restassured.testcases.TC003_Post_Empolyees_Record" time="0.001"/>
  <testcase name="checkStatusCode" classname="com.restassured.testcases.TC003_Post_Empolyees_Record" time="0"/>
  <testcase name="checkStatusLine" classname="com.restassured.testcases.TC003_Post_Empolyees_Record" time="0"/>
  <testcase name="checkcontent_Length" classname="com.restassured.testcases.TC003_Post_Empolyees_Record" time="0"/>
  <testcase name="checkresponceTime" classname="com.restassured.testcases.TC003_Post_Empolyees_Record" time="0"/>
  <testcase name="createEmployee" classname="com.restassured.testcases.TC003_Post_Empolyees_Record" time="5.972"/>
</testsuite>