<?xml version="1.0" encoding="UTF-8"?>
<testng-results ignored="0" total="40" passed="33" failed="7" skipped="0">
  <reporter-output>
  </reporter-output>
  <suite started-at="2022-08-01T13:41:40Z" name="Suite" finished-at="2022-08-01T13:42:09Z" duration-ms="28796">
    <groups>
    </groups>
    <test started-at="2022-08-01T13:41:40Z" name="Test" finished-at="2022-08-01T13:42:09Z" duration-ms="28796">
      <class name="com.restassured.testcases.TC004_put_Empolyees_Record">
        <test-method signature="UpdateEmployee()[pri:0, instance:com.restassured.testcases.TC004_put_Empolyees_Record@df6620a]" started-at="2022-08-01T13:41:50Z" name="UpdateEmployee" finished-at="2022-08-01T13:41:55Z" duration-ms="5781" status="PASS">
          <reporter-output>
          </reporter-output>
        </test-method> <!-- UpdateEmployee -->
        <test-method is-config="true" signature="setUp()[pri:0, instance:com.restassured.testcases.TC004_put_Empolyees_Record@df6620a]" started-at="2022-08-01T13:41:50Z" name="setUp" finished-at="2022-08-01T13:41:50Z" duration-ms="0" status="PASS">
          <reporter-output>
          </reporter-output>
        </test-method> <!-- setUp -->
        <test-method signature="checkContent_Type()[pri:0, instance:com.restassured.testcases.TC004_put_Empolyees_Record@df6620a]" started-at="2022-08-01T13:41:55Z" name="checkContent_Type" finished-at="2022-08-01T13:41:55Z" duration-ms="6" status="PASS">
          <reporter-output>
          </reporter-output>
        </test-method> <!-- checkContent_Type -->
        <test-method signature="checkResponseBody()[pri:0, instance:com.restassured.testcases.TC004_put_Empolyees_Record@df6620a]" started-at="2022-08-01T13:41:55Z" name="checkResponseBody" finished-at="2022-08-01T13:41:55Z" duration-ms="1" status="FAIL">
          <exception class="java.lang.NullPointerException">
            <full-stacktrace>
              <![CDATA[java.lang.NullPointerException
at com.restassured.testcases.TC004_put_Empolyees_Record.checkResponseBody(TC004_put_Empolyees_Record.java:44)
at java.base/jdk.internal.reflect.NativeMethodAccessorImpl.invoke0(Native Method)
at java.base/jdk.internal.reflect.NativeMethodAccessorImpl.invoke(NativeMethodAccessorImpl.java:62)
at java.base/jdk.internal.reflect.DelegatingMethodAccessorImpl.invoke(DelegatingMethodAccessorImpl.java:43)
at java.base/java.lang.reflect.Method.invoke(Method.java:566)
at org.testng.internal.MethodInvocationHelper.invokeMethod(MethodInvocationHelper.java:124)
at org.testng.internal.Invoker.invokeMethod(Invoker.java:583)
at org.testng.internal.Invoker.invokeTestMethod(Invoker.java:719)
at org.testng.internal.Invoker.invokeTestMethods(Invoker.java:989)
at org.testng.internal.TestMethodWorker.invokeTestMethods(TestMethodWorker.java:125)
at org.testng.internal.TestMethodWorker.run(TestMethodWorker.java:109)
at org.testng.TestRunner.privateRun(TestRunner.java:648)
at org.testng.TestRunner.run(TestRunner.java:505)
at org.testng.SuiteRunner.runTest(SuiteRunner.java:455)
at org.testng.SuiteRunner.runSequentially(SuiteRunner.java:450)
at org.testng.SuiteRunner.privateRun(SuiteRunner.java:415)
at org.testng.SuiteRunner.run(SuiteRunner.java:364)
at org.testng.SuiteRunnerWorker.runSuite(SuiteRunnerWorker.java:52)
at org.testng.SuiteRunnerWorker.run(SuiteRunnerWorker.java:84)
at org.testng.TestNG.runSuitesSequentially(TestNG.java:1208)
at org.testng.TestNG.runSuitesLocally(TestNG.java:1137)
at org.testng.TestNG.runSuites(TestNG.java:1049)
at org.testng.TestNG.run(TestNG.java:1017)
at org.apache.maven.surefire.testng.TestNGExecutor.run(TestNGExecutor.java:284)
at org.apache.maven.surefire.testng.TestNGXmlTestSuite.execute(TestNGXmlTestSuite.java:75)
at org.apache.maven.surefire.testng.TestNGProvider.invoke(TestNGProvider.java:119)
at org.apache.maven.surefire.booter.ForkedBooter.runSuitesInProcess(ForkedBooter.java:428)
at org.apache.maven.surefire.booter.ForkedBooter.execute(ForkedBooter.java:162)
at org.apache.maven.surefire.booter.ForkedBooter.run(ForkedBooter.java:562)
at org.apache.maven.surefire.booter.ForkedBooter.main(ForkedBooter.java:548)
]]>
            </full-stacktrace>
          </exception> <!-- java.lang.NullPointerException -->
          <reporter-output>
          </reporter-output>
        </test-method> <!-- checkResponseBody -->
        <test-method signature="checkServer_Type()[pri:0, instance:com.restassured.testcases.TC004_put_Empolyees_Record@df6620a]" started-at="2022-08-01T13:41:55Z" name="checkServer_Type" finished-at="2022-08-01T13:41:55Z" duration-ms="1" status="PASS">
          <reporter-output>
          </reporter-output>
        </test-method> <!-- checkServer_Type -->
        <test-method signature="checkStatusCode()[pri:0, instance:com.restassured.testcases.TC004_put_Empolyees_Record@df6620a]" started-at="2022-08-01T13:41:55Z" name="checkStatusCode" finished-at="2022-08-01T13:41:55Z" duration-ms="2" status="PASS">
          <reporter-output>
          </reporter-output>
        </test-method> <!-- checkStatusCode -->
        <test-method signature="checkStatusLine()[pri:0, instance:com.restassured.testcases.TC004_put_Empolyees_Record@df6620a]" started-at="2022-08-01T13:41:55Z" name="checkStatusLine" finished-at="2022-08-01T13:41:55Z" duration-ms="1" status="PASS">
          <reporter-output>
          </reporter-output>
        </test-method> <!-- checkStatusLine -->
        <test-method signature="checkcontent_Length()[pri:0, instance:com.restassured.testcases.TC004_put_Empolyees_Record@df6620a]" started-at="2022-08-01T13:41:55Z" name="checkcontent_Length" finished-at="2022-08-01T13:41:55Z" duration-ms="0" status="PASS">
          <reporter-output>
          </reporter-output>
        </test-method> <!-- checkcontent_Length -->
        <test-method signature="checkresponceTime()[pri:0, instance:com.restassured.testcases.TC004_put_Empolyees_Record@df6620a]" started-at="2022-08-01T13:41:55Z" name="checkresponceTime" finished-at="2022-08-01T13:41:55Z" duration-ms="1" status="PASS">
          <reporter-output>
          </reporter-output>
        </test-method> <!-- checkresponceTime -->
        <test-method is-config="true" signature="tearDown()[pri:0, instance:com.restassured.testcases.TC004_put_Empolyees_Record@df6620a]" started-at="2022-08-01T13:41:55Z" name="tearDown" finished-at="2022-08-01T13:41:55Z" duration-ms="1" status="PASS">
          <reporter-output>
          </reporter-output>
        </test-method> <!-- tearDown -->
      </class> <!-- com.restassured.testcases.TC004_put_Empolyees_Record -->
      <class name="com.restassured.testcases.TC002_Get_Single_empolyees">
        <test-method is-config="true" signature="setUp()[pri:0, instance:com.restassured.testcases.TC002_Get_Single_empolyees@2812b107]" started-at="2022-08-01T13:41:45Z" name="setUp" finished-at="2022-08-01T13:41:45Z" duration-ms="1" status="PASS">
          <reporter-output>
          </reporter-output>
        </test-method> <!-- setUp -->
        <test-method is-config="true" signature="getSingleempolyee()[pri:0, instance:com.restassured.testcases.TC002_Get_Single_empolyees@2812b107]" started-at="2022-08-01T13:41:45Z" name="getSingleempolyee" finished-at="2022-08-01T13:41:50Z" duration-ms="4425" status="PASS">
          <reporter-output>
          </reporter-output>
        </test-method> <!-- getSingleempolyee -->
        <test-method signature="checkContent_Type()[pri:0, instance:com.restassured.testcases.TC002_Get_Single_empolyees@2812b107]" started-at="2022-08-01T13:41:50Z" name="checkContent_Type" finished-at="2022-08-01T13:41:50Z" duration-ms="1" status="PASS">
          <reporter-output>
          </reporter-output>
        </test-method> <!-- checkContent_Type -->
        <test-method signature="checkServer_Type()[pri:0, instance:com.restassured.testcases.TC002_Get_Single_empolyees@2812b107]" started-at="2022-08-01T13:41:50Z" name="checkServer_Type" finished-at="2022-08-01T13:41:50Z" duration-ms="0" status="PASS">
          <reporter-output>
          </reporter-output>
        </test-method> <!-- checkServer_Type -->
        <test-method signature="checkStatusCode()[pri:0, instance:com.restassured.testcases.TC002_Get_Single_empolyees@2812b107]" started-at="2022-08-01T13:41:50Z" name="checkStatusCode" finished-at="2022-08-01T13:41:50Z" duration-ms="2" status="PASS">
          <reporter-output>
          </reporter-output>
        </test-method> <!-- checkStatusCode -->
        <test-method signature="checkStatusLine()[pri:0, instance:com.restassured.testcases.TC002_Get_Single_empolyees@2812b107]" started-at="2022-08-01T13:41:50Z" name="checkStatusLine" finished-at="2022-08-01T13:41:50Z" duration-ms="0" status="PASS">
          <reporter-output>
          </reporter-output>
        </test-method> <!-- checkStatusLine -->
        <test-method signature="checkcontent_Length()[pri:0, instance:com.restassured.testcases.TC002_Get_Single_empolyees@2812b107]" started-at="2022-08-01T13:41:50Z" name="checkcontent_Length" finished-at="2022-08-01T13:41:50Z" duration-ms="3" status="PASS">
          <reporter-output>
          </reporter-output>
        </test-method> <!-- checkcontent_Length -->
        <test-method signature="checkresponceBody()[pri:0, instance:com.restassured.testcases.TC002_Get_Single_empolyees@2812b107]" started-at="2022-08-01T13:41:50Z" name="checkresponceBody" finished-at="2022-08-01T13:41:50Z" duration-ms="2" status="FAIL">
          <exception class="junit.framework.AssertionFailedError">
            <message>
              <![CDATA[expected:<false> but was:<true>]]>
            </message>
            <full-stacktrace>
              <![CDATA[junit.framework.AssertionFailedError: expected:<false> but was:<true>
at junit.framework.Assert.fail(Assert.java:50)
at junit.framework.Assert.failNotEquals(Assert.java:287)
at junit.framework.Assert.assertEquals(Assert.java:67)
at junit.framework.Assert.assertEquals(Assert.java:147)
at junit.framework.Assert.assertEquals(Assert.java:153)
at com.restassured.testcases.TC002_Get_Single_empolyees.checkresponceBody(TC002_Get_Single_empolyees.java:28)
at java.base/jdk.internal.reflect.NativeMethodAccessorImpl.invoke0(Native Method)
at java.base/jdk.internal.reflect.NativeMethodAccessorImpl.invoke(NativeMethodAccessorImpl.java:62)
at java.base/jdk.internal.reflect.DelegatingMethodAccessorImpl.invoke(DelegatingMethodAccessorImpl.java:43)
at java.base/java.lang.reflect.Method.invoke(Method.java:566)
at org.testng.internal.MethodInvocationHelper.invokeMethod(MethodInvocationHelper.java:124)
at org.testng.internal.Invoker.invokeMethod(Invoker.java:583)
at org.testng.internal.Invoker.invokeTestMethod(Invoker.java:719)
at org.testng.internal.Invoker.invokeTestMethods(Invoker.java:989)
at org.testng.internal.TestMethodWorker.invokeTestMethods(TestMethodWorker.java:125)
at org.testng.internal.TestMethodWorker.run(TestMethodWorker.java:109)
at org.testng.TestRunner.privateRun(TestRunner.java:648)
at org.testng.TestRunner.run(TestRunner.java:505)
at org.testng.SuiteRunner.runTest(SuiteRunner.java:455)
at org.testng.SuiteRunner.runSequentially(SuiteRunner.java:450)
at org.testng.SuiteRunner.privateRun(SuiteRunner.java:415)
at org.testng.SuiteRunner.run(SuiteRunner.java:364)
at org.testng.SuiteRunnerWorker.runSuite(SuiteRunnerWorker.java:52)
at org.testng.SuiteRunnerWorker.run(SuiteRunnerWorker.java:84)
at org.testng.TestNG.runSuitesSequentially(TestNG.java:1208)
at org.testng.TestNG.runSuitesLocally(TestNG.java:1137)
at org.testng.TestNG.runSuites(TestNG.java:1049)
at org.testng.TestNG.run(TestNG.java:1017)
at org.apache.maven.surefire.testng.TestNGExecutor.run(TestNGExecutor.java:284)
at org.apache.maven.surefire.testng.TestNGXmlTestSuite.execute(TestNGXmlTestSuite.java:75)
at org.apache.maven.surefire.testng.TestNGProvider.invoke(TestNGProvider.java:119)
at org.apache.maven.surefire.booter.ForkedBooter.runSuitesInProcess(ForkedBooter.java:428)
at org.apache.maven.surefire.booter.ForkedBooter.execute(ForkedBooter.java:162)
at org.apache.maven.surefire.booter.ForkedBooter.run(ForkedBooter.java:562)
at org.apache.maven.surefire.booter.ForkedBooter.main(ForkedBooter.java:548)
]]>
            </full-stacktrace>
          </exception> <!-- junit.framework.AssertionFailedError -->
          <reporter-output>
          </reporter-output>
        </test-method> <!-- checkresponceBody -->
        <test-method signature="checkresponceTime()[pri:0, instance:com.restassured.testcases.TC002_Get_Single_empolyees@2812b107]" started-at="2022-08-01T13:41:50Z" name="checkresponceTime" finished-at="2022-08-01T13:41:50Z" duration-ms="0" status="PASS">
          <reporter-output>
          </reporter-output>
        </test-method> <!-- checkresponceTime -->
        <test-method is-config="true" signature="tearDown()[pri:0, instance:com.restassured.testcases.TC002_Get_Single_empolyees@2812b107]" started-at="2022-08-01T13:41:50Z" name="tearDown" finished-at="2022-08-01T13:41:50Z" duration-ms="0" status="PASS">
          <reporter-output>
          </reporter-output>
        </test-method> <!-- tearDown -->
      </class> <!-- com.restassured.testcases.TC002_Get_Single_empolyees -->
      <class name="com.restassured.testcases.TC001_Get_ALLempolyees">
        <test-method is-config="true" signature="setUp()[pri:0, instance:com.restassured.testcases.TC001_Get_ALLempolyees@5170bcf4]" started-at="2022-08-01T13:41:40Z" name="setUp" finished-at="2022-08-01T13:41:41Z" duration-ms="733" status="PASS">
          <reporter-output>
          </reporter-output>
        </test-method> <!-- setUp -->
        <test-method is-config="true" signature="getAllempolyee()[pri:0, instance:com.restassured.testcases.TC001_Get_ALLempolyees@5170bcf4]" started-at="2022-08-01T13:41:41Z" name="getAllempolyee" finished-at="2022-08-01T13:41:45Z" duration-ms="3849" status="PASS">
          <reporter-output>
          </reporter-output>
        </test-method> <!-- getAllempolyee -->
        <test-method signature="checkContent_Type()[pri:0, instance:com.restassured.testcases.TC001_Get_ALLempolyees@5170bcf4]" started-at="2022-08-01T13:41:45Z" name="checkContent_Type" finished-at="2022-08-01T13:41:45Z" duration-ms="3" status="PASS">
          <reporter-output>
          </reporter-output>
        </test-method> <!-- checkContent_Type -->
        <test-method signature="checkCookies()[pri:0, instance:com.restassured.testcases.TC001_Get_ALLempolyees@5170bcf4]" started-at="2022-08-01T13:41:45Z" name="checkCookies" finished-at="2022-08-01T13:41:45Z" duration-ms="2" status="FAIL">
          <exception class="junit.framework.ComparisonFailure">
            <message>
              <![CDATA[expected:<null> but was:<d2a7ab80-f7be-44cc-589e-576e3bbdab82>]]>
            </message>
            <full-stacktrace>
              <![CDATA[junit.framework.ComparisonFailure: expected:<null> but was:<d2a7ab80-f7be-44cc-589e-576e3bbdab82>
at junit.framework.Assert.assertEquals(Assert.java:85)
at junit.framework.Assert.assertEquals(Assert.java:91)
at com.restassured.testcases.TC001_Get_ALLempolyees.checkCookies(TC001_Get_ALLempolyees.java:99)
at java.base/jdk.internal.reflect.NativeMethodAccessorImpl.invoke0(Native Method)
at java.base/jdk.internal.reflect.NativeMethodAccessorImpl.invoke(NativeMethodAccessorImpl.java:62)
at java.base/jdk.internal.reflect.DelegatingMethodAccessorImpl.invoke(DelegatingMethodAccessorImpl.java:43)
at java.base/java.lang.reflect.Method.invoke(Method.java:566)
at org.testng.internal.MethodInvocationHelper.invokeMethod(MethodInvocationHelper.java:124)
at org.testng.internal.Invoker.invokeMethod(Invoker.java:583)
at org.testng.internal.Invoker.invokeTestMethod(Invoker.java:719)
at org.testng.internal.Invoker.invokeTestMethods(Invoker.java:989)
at org.testng.internal.TestMethodWorker.invokeTestMethods(TestMethodWorker.java:125)
at org.testng.internal.TestMethodWorker.run(TestMethodWorker.java:109)
at org.testng.TestRunner.privateRun(TestRunner.java:648)
at org.testng.TestRunner.run(TestRunner.java:505)
at org.testng.SuiteRunner.runTest(SuiteRunner.java:455)
at org.testng.SuiteRunner.runSequentially(SuiteRunner.java:450)
at org.testng.SuiteRunner.privateRun(SuiteRunner.java:415)
at org.testng.SuiteRunner.run(SuiteRunner.java:364)
at org.testng.SuiteRunnerWorker.runSuite(SuiteRunnerWorker.java:52)
at org.testng.SuiteRunnerWorker.run(SuiteRunnerWorker.java:84)
at org.testng.TestNG.runSuitesSequentially(TestNG.java:1208)
at org.testng.TestNG.runSuitesLocally(TestNG.java:1137)
at org.testng.TestNG.runSuites(TestNG.java:1049)
at org.testng.TestNG.run(TestNG.java:1017)
at org.apache.maven.surefire.testng.TestNGExecutor.run(TestNGExecutor.java:284)
at org.apache.maven.surefire.testng.TestNGXmlTestSuite.execute(TestNGXmlTestSuite.java:75)
at org.apache.maven.surefire.testng.TestNGProvider.invoke(TestNGProvider.java:119)
at org.apache.maven.surefire.booter.ForkedBooter.runSuitesInProcess(ForkedBooter.java:428)
at org.apache.maven.surefire.booter.ForkedBooter.execute(ForkedBooter.java:162)
at org.apache.maven.surefire.booter.ForkedBooter.run(ForkedBooter.java:562)
at org.apache.maven.surefire.booter.ForkedBooter.main(ForkedBooter.java:548)
]]>
            </full-stacktrace>
          </exception> <!-- junit.framework.ComparisonFailure -->
          <reporter-output>
          </reporter-output>
        </test-method> <!-- checkCookies -->
        <test-method signature="checkServer_Type()[pri:0, instance:com.restassured.testcases.TC001_Get_ALLempolyees@5170bcf4]" started-at="2022-08-01T13:41:45Z" name="checkServer_Type" finished-at="2022-08-01T13:41:45Z" duration-ms="1" status="PASS">
          <reporter-output>
          </reporter-output>
        </test-method> <!-- checkServer_Type -->
        <test-method signature="checkStatusCode()[pri:0, instance:com.restassured.testcases.TC001_Get_ALLempolyees@5170bcf4]" started-at="2022-08-01T13:41:45Z" name="checkStatusCode" finished-at="2022-08-01T13:41:45Z" duration-ms="0" status="PASS">
          <reporter-output>
          </reporter-output>
        </test-method> <!-- checkStatusCode -->
        <test-method signature="checkStatusLine()[pri:0, instance:com.restassured.testcases.TC001_Get_ALLempolyees@5170bcf4]" started-at="2022-08-01T13:41:45Z" name="checkStatusLine" finished-at="2022-08-01T13:41:45Z" duration-ms="1" status="PASS">
          <reporter-output>
          </reporter-output>
        </test-method> <!-- checkStatusLine -->
        <test-method signature="checkcontent_Encoding()[pri:0, instance:com.restassured.testcases.TC001_Get_ALLempolyees@5170bcf4]" started-at="2022-08-01T13:41:45Z" name="checkcontent_Encoding" finished-at="2022-08-01T13:41:45Z" duration-ms="1" status="PASS">
          <reporter-output>
          </reporter-output>
        </test-method> <!-- checkcontent_Encoding -->
        <test-method signature="checkcontent_Length()[pri:0, instance:com.restassured.testcases.TC001_Get_ALLempolyees@5170bcf4]" started-at="2022-08-01T13:41:45Z" name="checkcontent_Length" finished-at="2022-08-01T13:41:45Z" duration-ms="1" status="FAIL">
          <exception class="junit.framework.AssertionFailedError">
            <full-stacktrace>
              <![CDATA[junit.framework.AssertionFailedError
at junit.framework.Assert.fail(Assert.java:48)
at junit.framework.Assert.assertTrue(Assert.java:20)
at junit.framework.Assert.assertTrue(Assert.java:27)
at com.restassured.testcases.TC001_Get_ALLempolyees.checkcontent_Length(TC001_Get_ALLempolyees.java:90)
at java.base/jdk.internal.reflect.NativeMethodAccessorImpl.invoke0(Native Method)
at java.base/jdk.internal.reflect.NativeMethodAccessorImpl.invoke(NativeMethodAccessorImpl.java:62)
at java.base/jdk.internal.reflect.DelegatingMethodAccessorImpl.invoke(DelegatingMethodAccessorImpl.java:43)
at java.base/java.lang.reflect.Method.invoke(Method.java:566)
at org.testng.internal.MethodInvocationHelper.invokeMethod(MethodInvocationHelper.java:124)
at org.testng.internal.Invoker.invokeMethod(Invoker.java:583)
at org.testng.internal.Invoker.invokeTestMethod(Invoker.java:719)
at org.testng.internal.Invoker.invokeTestMethods(Invoker.java:989)
at org.testng.internal.TestMethodWorker.invokeTestMethods(TestMethodWorker.java:125)
at org.testng.internal.TestMethodWorker.run(TestMethodWorker.java:109)
at org.testng.TestRunner.privateRun(TestRunner.java:648)
at org.testng.TestRunner.run(TestRunner.java:505)
at org.testng.SuiteRunner.runTest(SuiteRunner.java:455)
at org.testng.SuiteRunner.runSequentially(SuiteRunner.java:450)
at org.testng.SuiteRunner.privateRun(SuiteRunner.java:415)
at org.testng.SuiteRunner.run(SuiteRunner.java:364)
at org.testng.SuiteRunnerWorker.runSuite(SuiteRunnerWorker.java:52)
at org.testng.SuiteRunnerWorker.run(SuiteRunnerWorker.java:84)
at org.testng.TestNG.runSuitesSequentially(TestNG.java:1208)
at org.testng.TestNG.runSuitesLocally(TestNG.java:1137)
at org.testng.TestNG.runSuites(TestNG.java:1049)
at org.testng.TestNG.run(TestNG.java:1017)
at org.apache.maven.surefire.testng.TestNGExecutor.run(TestNGExecutor.java:284)
at org.apache.maven.surefire.testng.TestNGXmlTestSuite.execute(TestNGXmlTestSuite.java:75)
at org.apache.maven.surefire.testng.TestNGProvider.invoke(TestNGProvider.java:119)
at org.apache.maven.surefire.booter.ForkedBooter.runSuitesInProcess(ForkedBooter.java:428)
at org.apache.maven.surefire.booter.ForkedBooter.execute(ForkedBooter.java:162)
at org.apache.maven.surefire.booter.ForkedBooter.run(ForkedBooter.java:562)
at org.apache.maven.surefire.booter.ForkedBooter.main(ForkedBooter.java:548)
]]>
            </full-stacktrace>
          </exception> <!-- junit.framework.AssertionFailedError -->
          <reporter-output>
          </reporter-output>
        </test-method> <!-- checkcontent_Length -->
        <test-method signature="checkresponceBody()[pri:0, instance:com.restassured.testcases.TC001_Get_ALLempolyees@5170bcf4]" started-at="2022-08-01T13:41:45Z" name="checkresponceBody" finished-at="2022-08-01T13:41:45Z" duration-ms="32" status="PASS">
          <reporter-output>
          </reporter-output>
        </test-method> <!-- checkresponceBody -->
        <test-method signature="checkresponceTime()[pri:0, instance:com.restassured.testcases.TC001_Get_ALLempolyees@5170bcf4]" started-at="2022-08-01T13:41:45Z" name="checkresponceTime" finished-at="2022-08-01T13:41:45Z" duration-ms="1" status="FAIL">
          <exception class="junit.framework.AssertionFailedError">
            <full-stacktrace>
              <![CDATA[junit.framework.AssertionFailedError
at junit.framework.Assert.fail(Assert.java:48)
at junit.framework.Assert.assertTrue(Assert.java:20)
at junit.framework.Assert.assertTrue(Assert.java:27)
at com.restassured.testcases.TC001_Get_ALLempolyees.checkresponceTime(TC001_Get_ALLempolyees.java:45)
at java.base/jdk.internal.reflect.NativeMethodAccessorImpl.invoke0(Native Method)
at java.base/jdk.internal.reflect.NativeMethodAccessorImpl.invoke(NativeMethodAccessorImpl.java:62)
at java.base/jdk.internal.reflect.DelegatingMethodAccessorImpl.invoke(DelegatingMethodAccessorImpl.java:43)
at java.base/java.lang.reflect.Method.invoke(Method.java:566)
at org.testng.internal.MethodInvocationHelper.invokeMethod(MethodInvocationHelper.java:124)
at org.testng.internal.Invoker.invokeMethod(Invoker.java:583)
at org.testng.internal.Invoker.invokeTestMethod(Invoker.java:719)
at org.testng.internal.Invoker.invokeTestMethods(Invoker.java:989)
at org.testng.internal.TestMethodWorker.invokeTestMethods(TestMethodWorker.java:125)
at org.testng.internal.TestMethodWorker.run(TestMethodWorker.java:109)
at org.testng.TestRunner.privateRun(TestRunner.java:648)
at org.testng.TestRunner.run(TestRunner.java:505)
at org.testng.SuiteRunner.runTest(SuiteRunner.java:455)
at org.testng.SuiteRunner.runSequentially(SuiteRunner.java:450)
at org.testng.SuiteRunner.privateRun(SuiteRunner.java:415)
at org.testng.SuiteRunner.run(SuiteRunner.java:364)
at org.testng.SuiteRunnerWorker.runSuite(SuiteRunnerWorker.java:52)
at org.testng.SuiteRunnerWorker.run(SuiteRunnerWorker.java:84)
at org.testng.TestNG.runSuitesSequentially(TestNG.java:1208)
at org.testng.TestNG.runSuitesLocally(TestNG.java:1137)
at org.testng.TestNG.runSuites(TestNG.java:1049)
at org.testng.TestNG.run(TestNG.java:1017)
at org.apache.maven.surefire.testng.TestNGExecutor.run(TestNGExecutor.java:284)
at org.apache.maven.surefire.testng.TestNGXmlTestSuite.execute(TestNGXmlTestSuite.java:75)
at org.apache.maven.surefire.testng.TestNGProvider.invoke(TestNGProvider.java:119)
at org.apache.maven.surefire.booter.ForkedBooter.runSuitesInProcess(ForkedBooter.java:428)
at org.apache.maven.surefire.booter.ForkedBooter.execute(ForkedBooter.java:162)
at org.apache.maven.surefire.booter.ForkedBooter.run(ForkedBooter.java:562)
at org.apache.maven.surefire.booter.ForkedBooter.main(ForkedBooter.java:548)
]]>
            </full-stacktrace>
          </exception> <!-- junit.framework.AssertionFailedError -->
          <reporter-output>
          </reporter-output>
        </test-method> <!-- checkresponceTime -->
        <test-method is-config="true" signature="tearDown()[pri:0, instance:com.restassured.testcases.TC001_Get_ALLempolyees@5170bcf4]" started-at="2022-08-01T13:41:45Z" name="tearDown" finished-at="2022-08-01T13:41:45Z" duration-ms="0" status="PASS">
          <reporter-output>
          </reporter-output>
        </test-method> <!-- tearDown -->
      </class> <!-- com.restassured.testcases.TC001_Get_ALLempolyees -->
      <class name="com.restassured.testcases.TC003_Post_Empolyees_Record">
        <test-method signature="checkContent_Type()[pri:0, instance:com.restassured.testcases.TC003_Post_Empolyees_Record@1a72a540]" started-at="2022-08-01T13:42:03Z" name="checkContent_Type" finished-at="2022-08-01T13:42:03Z" duration-ms="1" status="PASS">
          <reporter-output>
          </reporter-output>
        </test-method> <!-- checkContent_Type -->
        <test-method is-config="true" signature="setUp()[pri:0, instance:com.restassured.testcases.TC003_Post_Empolyees_Record@1a72a540]" started-at="2022-08-01T13:42:03Z" name="setUp" finished-at="2022-08-01T13:42:03Z" duration-ms="0" status="PASS">
          <reporter-output>
          </reporter-output>
        </test-method> <!-- setUp -->
        <test-method signature="checkResponseBody()[pri:0, instance:com.restassured.testcases.TC003_Post_Empolyees_Record@1a72a540]" started-at="2022-08-01T13:42:03Z" name="checkResponseBody" finished-at="2022-08-01T13:42:03Z" duration-ms="0" status="FAIL">
          <exception class="java.lang.NullPointerException">
            <full-stacktrace>
              <![CDATA[java.lang.NullPointerException
at com.restassured.testcases.TC003_Post_Empolyees_Record.checkResponseBody(TC003_Post_Empolyees_Record.java:44)
at java.base/jdk.internal.reflect.NativeMethodAccessorImpl.invoke0(Native Method)
at java.base/jdk.internal.reflect.NativeMethodAccessorImpl.invoke(NativeMethodAccessorImpl.java:62)
at java.base/jdk.internal.reflect.DelegatingMethodAccessorImpl.invoke(DelegatingMethodAccessorImpl.java:43)
at java.base/java.lang.reflect.Method.invoke(Method.java:566)
at org.testng.internal.MethodInvocationHelper.invokeMethod(MethodInvocationHelper.java:124)
at org.testng.internal.Invoker.invokeMethod(Invoker.java:583)
at org.testng.internal.Invoker.invokeTestMethod(Invoker.java:719)
at org.testng.internal.Invoker.invokeTestMethods(Invoker.java:989)
at org.testng.internal.TestMethodWorker.invokeTestMethods(TestMethodWorker.java:125)
at org.testng.internal.TestMethodWorker.run(TestMethodWorker.java:109)
at org.testng.TestRunner.privateRun(TestRunner.java:648)
at org.testng.TestRunner.run(TestRunner.java:505)
at org.testng.SuiteRunner.runTest(SuiteRunner.java:455)
at org.testng.SuiteRunner.runSequentially(SuiteRunner.java:450)
at org.testng.SuiteRunner.privateRun(SuiteRunner.java:415)
at org.testng.SuiteRunner.run(SuiteRunner.java:364)
at org.testng.SuiteRunnerWorker.runSuite(SuiteRunnerWorker.java:52)
at org.testng.SuiteRunnerWorker.run(SuiteRunnerWorker.java:84)
at org.testng.TestNG.runSuitesSequentially(TestNG.java:1208)
at org.testng.TestNG.runSuitesLocally(TestNG.java:1137)
at org.testng.TestNG.runSuites(TestNG.java:1049)
at org.testng.TestNG.run(TestNG.java:1017)
at org.apache.maven.surefire.testng.TestNGExecutor.run(TestNGExecutor.java:284)
at org.apache.maven.surefire.testng.TestNGXmlTestSuite.execute(TestNGXmlTestSuite.java:75)
at org.apache.maven.surefire.testng.TestNGProvider.invoke(TestNGProvider.java:119)
at org.apache.maven.surefire.booter.ForkedBooter.runSuitesInProcess(ForkedBooter.java:428)
at org.apache.maven.surefire.booter.ForkedBooter.execute(ForkedBooter.java:162)
at org.apache.maven.surefire.booter.ForkedBooter.run(ForkedBooter.java:562)
at org.apache.maven.surefire.booter.ForkedBooter.main(ForkedBooter.java:548)
]]>
            </full-stacktrace>
          </exception> <!-- java.lang.NullPointerException -->
          <reporter-output>
          </reporter-output>
        </test-method> <!-- checkResponseBody -->
        <test-method signature="checkServer_Type()[pri:0, instance:com.restassured.testcases.TC003_Post_Empolyees_Record@1a72a540]" started-at="2022-08-01T13:42:03Z" name="checkServer_Type" finished-at="2022-08-01T13:42:03Z" duration-ms="1" status="PASS">
          <reporter-output>
          </reporter-output>
        </test-method> <!-- checkServer_Type -->
        <test-method signature="checkStatusCode()[pri:0, instance:com.restassured.testcases.TC003_Post_Empolyees_Record@1a72a540]" started-at="2022-08-01T13:42:03Z" name="checkStatusCode" finished-at="2022-08-01T13:42:03Z" duration-ms="1" status="PASS">
          <reporter-output>
          </reporter-output>
        </test-method> <!-- checkStatusCode -->
        <test-method signature="checkStatusLine()[pri:0, instance:com.restassured.testcases.TC003_Post_Empolyees_Record@1a72a540]" started-at="2022-08-01T13:42:03Z" name="checkStatusLine" finished-at="2022-08-01T13:42:03Z" duration-ms="0" status="PASS">
          <reporter-output>
          </reporter-output>
        </test-method> <!-- checkStatusLine -->
        <test-method signature="checkcontent_Length()[pri:0, instance:com.restassured.testcases.TC003_Post_Empolyees_Record@1a72a540]" started-at="2022-08-01T13:42:03Z" name="checkcontent_Length" finished-at="2022-08-01T13:42:03Z" duration-ms="1" status="PASS">
          <reporter-output>
          </reporter-output>
        </test-method> <!-- checkcontent_Length -->
        <test-method signature="checkresponceTime()[pri:0, instance:com.restassured.testcases.TC003_Post_Empolyees_Record@1a72a540]" started-at="2022-08-01T13:42:03Z" name="checkresponceTime" finished-at="2022-08-01T13:42:03Z" duration-ms="1" status="PASS">
          <reporter-output>
          </reporter-output>
        </test-method> <!-- checkresponceTime -->
        <test-method signature="createEmployee()[pri:0, instance:com.restassured.testcases.TC003_Post_Empolyees_Record@1a72a540]" started-at="2022-08-01T13:42:03Z" name="createEmployee" finished-at="2022-08-01T13:42:09Z" duration-ms="5972" status="PASS">
          <reporter-output>
          </reporter-output>
        </test-method> <!-- createEmployee -->
        <test-method is-config="true" signature="tearDown()[pri:0, instance:com.restassured.testcases.TC003_Post_Empolyees_Record@1a72a540]" started-at="2022-08-01T13:42:09Z" name="tearDown" finished-at="2022-08-01T13:42:09Z" duration-ms="1" status="PASS">
          <reporter-output>
          </reporter-output>
        </test-method> <!-- tearDown -->
      </class> <!-- com.restassured.testcases.TC003_Post_Empolyees_Record -->
      <class name="com.restassured.testcases.TC005_DELETE_Empolyees_Record">
        <test-method is-config="true" signature="setUp()[pri:0, instance:com.restassured.testcases.TC005_DELETE_Empolyees_Record@4e31276e]" started-at="2022-08-01T13:41:55Z" name="setUp" finished-at="2022-08-01T13:41:55Z" duration-ms="1" status="PASS">
          <reporter-output>
          </reporter-output>
        </test-method> <!-- setUp -->
        <test-method signature="checkContent_Type()[pri:0, instance:com.restassured.testcases.TC005_DELETE_Empolyees_Record@4e31276e]" started-at="2022-08-01T13:41:55Z" name="checkContent_Type" finished-at="2022-08-01T13:41:55Z" duration-ms="0" status="PASS">
          <reporter-output>
          </reporter-output>
        </test-method> <!-- checkContent_Type -->
        <test-method signature="checkResponseBody()[pri:0, instance:com.restassured.testcases.TC005_DELETE_Empolyees_Record@4e31276e]" started-at="2022-08-01T13:41:55Z" name="checkResponseBody" finished-at="2022-08-01T13:41:55Z" duration-ms="1" status="FAIL">
          <exception class="java.lang.NullPointerException">
            <full-stacktrace>
              <![CDATA[java.lang.NullPointerException
at com.restassured.testcases.TC005_DELETE_Empolyees_Record.checkResponseBody(TC005_DELETE_Empolyees_Record.java:41)
at java.base/jdk.internal.reflect.NativeMethodAccessorImpl.invoke0(Native Method)
at java.base/jdk.internal.reflect.NativeMethodAccessorImpl.invoke(NativeMethodAccessorImpl.java:62)
at java.base/jdk.internal.reflect.DelegatingMethodAccessorImpl.invoke(DelegatingMethodAccessorImpl.java:43)
at java.base/java.lang.reflect.Method.invoke(Method.java:566)
at org.testng.internal.MethodInvocationHelper.invokeMethod(MethodInvocationHelper.java:124)
at org.testng.internal.Invoker.invokeMethod(Invoker.java:583)
at org.testng.internal.Invoker.invokeTestMethod(Invoker.java:719)
at org.testng.internal.Invoker.invokeTestMethods(Invoker.java:989)
at org.testng.internal.TestMethodWorker.invokeTestMethods(TestMethodWorker.java:125)
at org.testng.internal.TestMethodWorker.run(TestMethodWorker.java:109)
at org.testng.TestRunner.privateRun(TestRunner.java:648)
at org.testng.TestRunner.run(TestRunner.java:505)
at org.testng.SuiteRunner.runTest(SuiteRunner.java:455)
at org.testng.SuiteRunner.runSequentially(SuiteRunner.java:450)
at org.testng.SuiteRunner.privateRun(SuiteRunner.java:415)
at org.testng.SuiteRunner.run(SuiteRunner.java:364)
at org.testng.SuiteRunnerWorker.runSuite(SuiteRunnerWorker.java:52)
at org.testng.SuiteRunnerWorker.run(SuiteRunnerWorker.java:84)
at org.testng.TestNG.runSuitesSequentially(TestNG.java:1208)
at org.testng.TestNG.runSuitesLocally(TestNG.java:1137)
at org.testng.TestNG.runSuites(TestNG.java:1049)
at org.testng.TestNG.run(TestNG.java:1017)
at org.apache.maven.surefire.testng.TestNGExecutor.run(TestNGExecutor.java:284)
at org.apache.maven.surefire.testng.TestNGXmlTestSuite.execute(TestNGXmlTestSuite.java:75)
at org.apache.maven.surefire.testng.TestNGProvider.invoke(TestNGProvider.java:119)
at org.apache.maven.surefire.booter.ForkedBooter.runSuitesInProcess(ForkedBooter.java:428)
at org.apache.maven.surefire.booter.ForkedBooter.execute(ForkedBooter.java:162)
at org.apache.maven.surefire.booter.ForkedBooter.run(ForkedBooter.java:562)
at org.apache.maven.surefire.booter.ForkedBooter.main(ForkedBooter.java:548)
]]>
            </full-stacktrace>
          </exception> <!-- java.lang.NullPointerException -->
          <reporter-output>
          </reporter-output>
        </test-method> <!-- checkResponseBody -->
        <test-method signature="checkServer_Type()[pri:0, instance:com.restassured.testcases.TC005_DELETE_Empolyees_Record@4e31276e]" started-at="2022-08-01T13:41:55Z" name="checkServer_Type" finished-at="2022-08-01T13:41:55Z" duration-ms="18" status="PASS">
          <reporter-output>
          </reporter-output>
        </test-method> <!-- checkServer_Type -->
        <test-method signature="checkStatusCode()[pri:0, instance:com.restassured.testcases.TC005_DELETE_Empolyees_Record@4e31276e]" started-at="2022-08-01T13:41:55Z" name="checkStatusCode" finished-at="2022-08-01T13:41:55Z" duration-ms="1" status="PASS">
          <reporter-output>
          </reporter-output>
        </test-method> <!-- checkStatusCode -->
        <test-method signature="checkStatusLine()[pri:0, instance:com.restassured.testcases.TC005_DELETE_Empolyees_Record@4e31276e]" started-at="2022-08-01T13:41:55Z" name="checkStatusLine" finished-at="2022-08-01T13:41:55Z" duration-ms="0" status="PASS">
          <reporter-output>
          </reporter-output>
        </test-method> <!-- checkStatusLine -->
        <test-method signature="checkresponceTime()[pri:0, instance:com.restassured.testcases.TC005_DELETE_Empolyees_Record@4e31276e]" started-at="2022-08-01T13:41:55Z" name="checkresponceTime" finished-at="2022-08-01T13:41:55Z" duration-ms="1" status="PASS">
          <reporter-output>
          </reporter-output>
        </test-method> <!-- checkresponceTime -->
        <test-method signature="checkcontent_Length()[pri:0, instance:com.restassured.testcases.TC005_DELETE_Empolyees_Record@4e31276e]" started-at="2022-08-01T13:41:55Z" name="checkcontent_Length" finished-at="2022-08-01T13:41:55Z" duration-ms="0" status="PASS">
          <reporter-output>
          </reporter-output>
        </test-method> <!-- checkcontent_Length -->
        <test-method signature="deleteEmployee()[pri:0, instance:com.restassured.testcases.TC005_DELETE_Empolyees_Record@4e31276e]" started-at="2022-08-01T13:41:55Z" name="deleteEmployee" finished-at="2022-08-01T13:42:03Z" duration-ms="7387" status="PASS">
          <reporter-output>
          </reporter-output>
        </test-method> <!-- deleteEmployee -->
        <test-method is-config="true" signature="tearDown()[pri:0, instance:com.restassured.testcases.TC005_DELETE_Empolyees_Record@4e31276e]" started-at="2022-08-01T13:42:03Z" name="tearDown" finished-at="2022-08-01T13:42:03Z" duration-ms="1" status="PASS">
          <reporter-output>
          </reporter-output>
        </test-method> <!-- tearDown -->
      </class> <!-- com.restassured.testcases.TC005_DELETE_Empolyees_Record -->
    </test> <!-- Test -->
  </suite> <!-- Suite -->
</testng-results>
